Log file open, 01/09/19 09:08:13
LogWindows: Failed to load 'aqProf.dll' (GetLastError=126)
LogWindows: File 'aqProf.dll' does not exist
LogWindows: Failed to load 'VtuneApi.dll' (GetLastError=126)
LogWindows: File 'VtuneApi.dll' does not exist
LogWindows: Failed to load 'VtuneApi32e.dll' (GetLastError=126)
LogWindows: File 'VtuneApi32e.dll' does not exist
LogInit: Display: Running engine for game: Assignment1
LogPlatformFile: Not using cached read wrapper
LogTaskGraph: Started task graph with 5 named threads and 23 total threads with 3 sets of task threads.
LogStats: Stats thread started at 0.275008
LogD3D11RHI: Loaded GFSDK_Aftermath_Lib.x64.dll
LogICUInternationalization: Display: ICU TimeZone Detection - Raw Offset: -7:00, Platform Override: ''
LogPluginManager: Mounting plugin Paper2D
LogPluginManager: Mounting plugin AISupport
LogPluginManager: Mounting plugin LightPropagationVolume
LogPluginManager: Mounting plugin CLionSourceCodeAccess
LogPluginManager: Mounting plugin CodeLiteSourceCodeAccess
LogPluginManager: Mounting plugin GitSourceControl
LogPluginManager: Mounting plugin KDevelopSourceCodeAccess
LogPluginManager: Mounting plugin NullSourceCodeAccess
LogPluginManager: Mounting plugin PerforceSourceControl
LogPluginManager: Mounting plugin SubversionSourceControl
LogPluginManager: Mounting plugin UObjectPlugin
LogPluginManager: Mounting plugin VisualStudioCodeSourceCodeAccess
LogPluginManager: Mounting plugin VisualStudioSourceCodeAccess
LogPluginManager: Mounting plugin XCodeSourceCodeAccess
LogPluginManager: Mounting plugin AssetManagerEditor
LogPluginManager: Mounting plugin CryptoKeys
LogPluginManager: Mounting plugin DataValidation
LogPluginManager: Mounting plugin FacialAnimation
LogPluginManager: Mounting plugin GameplayTagsEditor
LogPluginManager: Mounting plugin MacGraphicsSwitching
LogPluginManager: Mounting plugin MeshEditor
LogPluginManager: Mounting plugin MobileLauncherProfileWizard
LogPluginManager: Mounting plugin PluginBrowser
LogPluginManager: Mounting plugin SpeedTreeImporter
LogPluginManager: Mounting plugin DatasmithContent
LogPluginManager: Mounting plugin AlembicImporter
LogPluginManager: Mounting plugin AppleImageUtils
LogPluginManager: Mounting plugin AppleVision
LogPluginManager: Mounting plugin BackChannel
LogPluginManager: Mounting plugin CharacterAI
LogPluginManager: Mounting plugin GeometryCache
LogPluginManager: Mounting plugin HTML5Networking
LogPluginManager: Mounting plugin ProxyLODPlugin
LogPluginManager: Mounting plugin MagicLeap
LogPluginManager: Mounting plugin MagicLeapEmulator
LogPluginManager: Mounting plugin MagicLeapMedia
LogPluginManager: Mounting plugin AndroidMedia
LogPluginManager: Mounting plugin AvfMedia
LogPluginManager: Mounting plugin ImgMedia
LogPluginManager: Mounting plugin LinearTimecode
LogPluginManager: Mounting plugin MediaCompositing
LogPluginManager: Mounting plugin MediaPlayerEditor
LogPluginManager: Mounting plugin WmfMedia
LogPluginManager: Mounting plugin TcpMessaging
LogPluginManager: Mounting plugin UdpMessaging
LogPluginManager: Mounting plugin ActorSequence
LogPluginManager: Mounting plugin LevelSequenceEditor
LogPluginManager: Mounting plugin MatineeToLevelSequence
LogPluginManager: Mounting plugin NetcodeUnitTest
LogPluginManager: Mounting plugin NUTUnrealEngine4
LogPluginManager: Mounting plugin OnlineSubsystemGooglePlay
LogPluginManager: Mounting plugin OnlineSubsystemIOS
LogPluginManager: Mounting plugin OnlineSubsystem
LogPluginManager: Mounting plugin OnlineSubsystemNull
LogPluginManager: Mounting plugin OnlineSubsystemUtils
LogPluginManager: Mounting plugin LauncherChunkInstaller
LogPluginManager: Mounting plugin AndroidDeviceProfileSelector
LogPluginManager: Mounting plugin AndroidMoviePlayer
LogPluginManager: Mounting plugin AndroidPermission
LogPluginManager: Mounting plugin AppleMoviePlayer
LogPluginManager: Mounting plugin ArchVisCharacter
LogPluginManager: Mounting plugin AudioCapture
LogPluginManager: Mounting plugin CableComponent
LogPluginManager: Mounting plugin CustomMeshComponent
LogPluginManager: Mounting plugin EditableMesh
LogPluginManager: Mounting plugin ExampleDeviceProfileSelector
LogPluginManager: Mounting plugin GoogleCloudMessaging
LogPluginManager: Mounting plugin ImmediatePhysics
LogPluginManager: Mounting plugin IOSDeviceProfileSelector
LogPluginManager: Mounting plugin LinuxDeviceProfileSelector
LogPluginManager: Mounting plugin LocationServicesBPLibrary
LogPluginManager: Mounting plugin MobilePatchingUtils
LogPluginManager: Mounting plugin OculusVR
LogPluginManager: Plugin shader directory ../../../Engine/Plugins/Runtime/Oculus/OculusVR/Shaders found
LogPluginManager: Mapping shader source directory ../../../Engine/Plugins/Runtime/Oculus/OculusVR/Shaders to virtual directory /Plugin/OculusVR
LogPluginManager: Mounting plugin PhysXVehicles
LogPluginManager: Mounting plugin ProceduralMeshComponent
LogPluginManager: Mounting plugin RuntimePhysXCooking
LogPluginManager: Mounting plugin SteamVR
LogPluginManager: Mounting plugin WindowsMoviePlayer
LogStreaming: Display: Took  0.103s to configure plugins.
LogInit: Using libcurl 7.55.1-DEV
LogInit:  - built for x86_64-pc-win32
LogInit:  - supports SSL with OpenSSL/1.0.2h
LogInit:  - supports HTTP deflate (compression) using libz 1.2.8
LogInit:  - other features:
LogInit:      CURL_VERSION_SSL
LogInit:      CURL_VERSION_LIBZ
LogInit:      CURL_VERSION_IPV6
LogInit:      CURL_VERSION_ASYNCHDNS
LogInit:      CURL_VERSION_LARGEFILE
LogInit:      CURL_VERSION_IDN
LogInit:  CurlRequestOptions (configurable via config and command line):
LogInit:  - bVerifyPeer = false  - Libcurl will NOT verify peer certificate
LogInit:  - bUseHttpProxy = false  - Libcurl will NOT use HTTP proxy
LogInit:  - bDontReuseConnections = false  - Libcurl will reuse connections
LogInit:  - CertBundlePath = nullptr  - Libcurl will use whatever was configured at build time.
LogInit:  - MaxHostConnections = 16  - Libcurl will limit the number of connections to a host
LogInit:  - LocalHostAddr = Default
LogInit:  - BufferSize = 65536
LogInit: WinSock: version 1.1 (2.2), MaxSocks=32767, MaxUdp=65467
LogInit: Build: ++UE4+Release-4.20-CL-4369336
LogInit: Engine Version: 4.20.3-4369336+++UE4+Release-4.20
LogInit: Compatible Engine Version: 4.20.0-4212847+++UE4+Release-4.20
LogInit: Net CL: 4212847
LogInit: OS: Windows 10 (), CPU: Intel(R) Core(TM) i7-8809G CPU @ 3.10GHz, GPU: Radeon RX Vega M GH Graphics
LogInit: Compiled (64-bit): Sep 17 2018 12:26:19
LogInit: Compiled with Visual C++: 19.13.26129.00
LogInit: Build Configuration: Development
LogInit: Branch Name: ++UE4+Release-4.20
LogInit: Command Line: -EpicPortal  -epicusername="Anteza_" -epicuserid=5ab8be27907d42e0a9a5178453d6a0b1 -epiclocale=en-US
LogInit: Base Directory: C:/Program Files/Epic Games/UE_4.20/Engine/Binaries/Win64/
LogInit: Installed Engine Build: 1
LogDevObjectVersion: Number of dev versions registered: 20
LogDevObjectVersion:   Dev-Blueprints (B0D832E4-1F89-4F0D-ACCF-7EB736FD4AA2): 10
LogDevObjectVersion:   Dev-Build (E1C64328-A22C-4D53-A36C-8E866417BD8C): 0
LogDevObjectVersion:   Dev-Core (375EC13C-06E4-48FB-B500-84F0262A717E): 2
LogDevObjectVersion:   Dev-Editor (E4B068ED-F494-42E9-A231-DA0B2E46BB41): 24
LogDevObjectVersion:   Dev-Framework (CFFC743F-43B0-4480-9391-14DF171D2073): 34
LogDevObjectVersion:   Dev-Mobile (B02B49B5-BB20-44E9-A304-32B752E40360): 2
LogDevObjectVersion:   Dev-Networking (A4E4105C-59A1-49B5-A7C5-40C4547EDFEE): 0
LogDevObjectVersion:   Dev-Online (39C831C9-5AE6-47DC-9A44-9C173E1C8E7C): 0
LogDevObjectVersion:   Dev-Physics (78F01B33-EBEA-4F98-B9B4-84EACCB95AA2): 0
LogDevObjectVersion:   Dev-Platform (6631380F-2D4D-43E0-8009-CF276956A95A): 0
LogDevObjectVersion:   Dev-Rendering (12F88B9F-8875-4AFC-A67C-D90C383ABD29): 26
LogDevObjectVersion:   Dev-Sequencer (7B5AE74C-D270-4C10-A958-57980B212A5A): 9
LogDevObjectVersion:   Dev-VR (D7296918-1DD6-4BDD-9DE2-64A83CC13884): 2
LogDevObjectVersion:   Dev-LoadTimes (C2A15278-BFE7-4AFE-6C17-90FF531DF755): 1
LogDevObjectVersion:   Private-Geometry (6EACA3D4-40EC-4CC1-B786-8BED09428FC5): 3
LogDevObjectVersion:   Dev-AnimPhys (29E575DD-E0A3-4627-9D10-D276232CDCEA): 17
LogDevObjectVersion:   Dev-ReflectionCapture (6B266CEC-1EC7-4B8F-A30B-E4D90942FC07): 1
LogDevObjectVersion:   Dev-Automation (0DF73D61-A23F-47EA-B727-89E90C41499A): 1
LogDevObjectVersion:   FortniteMain (601D1886-AC64-4F84-AA16-D3DE0DEAC7D6): 12
LogDevObjectVersion:   Dev-Enterprise (9DFFBCD6-494F-0158-E221-12823C92A888): 1
LogStreaming: Display: Took  0.000s to delete old logs.
LogInit: Presizing for max 8388607 objects, including 0 objects not considered by GC, pre-allocating 0 bytes for permanent pool.
LogInit: Object subsystem initialized
[2019.01.09-16.08.13:825][  0]LogInit: Selected Device Profile: [Windows]
[2019.01.09-16.08.13:825][  0]LogInit: Applying CVar settings loaded from the selected device profile: [Windows]
[2019.01.09-16.08.13:836][  0]LogHAL: Display: Platform has ~ 16 GB [17094963200 / 17179869184 / 16], which maps to Larger [LargestMinGB=32, LargerMinGB=12, DefaultMinGB=8, SmallerMinGB=6, SmallestMinGB=0)
[2019.01.09-16.08.13:836][  0]LogInit: Setting Device Profile CVar: [[r.Vulkan.UseRealUBs:1]]
[2019.01.09-16.08.13:836][  0]LogInit: Going up to parent DeviceProfile []
[2019.01.09-16.08.13:836][  0]LogInit: Computer: eae-n-033
[2019.01.09-16.08.13:836][  0]LogInit: User: u1127212
[2019.01.09-16.08.13:836][  0]LogInit: CPU Page size=4096, Cores=4
[2019.01.09-16.08.13:836][  0]LogInit: High frequency timer resolution =3.023441 MHz
[2019.01.09-16.08.13:836][  0]LogMemory: Memory total: Physical=15.9GB (16GB approx)
[2019.01.09-16.08.13:836][  0]LogMemory: Platform Memory Stats for Windows
[2019.01.09-16.08.13:836][  0]LogMemory: Process Physical Memory: 100.66 MB used, 100.66 MB peak
[2019.01.09-16.08.13:836][  0]LogMemory: Process Virtual Memory: 89.44 MB used, 89.44 MB peak
[2019.01.09-16.08.13:836][  0]LogMemory: Physical Memory: 7294.47 MB used,  9008.55 MB free, 16303.03 MB total
[2019.01.09-16.08.13:836][  0]LogMemory: Virtual Memory: 4639.15 MB used,  9008.55 MB free, 134217728.00 MB total
[2019.01.09-16.08.13:850][  0]LogInit: Using OS detected language (en-US).
[2019.01.09-16.08.13:850][  0]LogInit: Using OS detected locale (en-US).
[2019.01.09-16.08.13:850][  0]LogTextLocalizationManager: No specific localization for 'en-US' exists, so the 'en' localization will be used.
[2019.01.09-16.08.14:175][  0]LogStreaming: Display: Took  0.325s to InitEngineTextLocalization.
[2019.01.09-16.08.14:175][  0]LogInit: Setting process to per monitor DPI aware
[2019.01.09-16.08.14:209][  0]LogSlate: New Slate User Created.  User Index 0, Is Virtual User: 0
[2019.01.09-16.08.14:209][  0]LogSlate: Slate User Registered.  User Index 0, Is Virtual User: 0
[2019.01.09-16.08.14:382][  0]LogHMD: Failed to initialize OpenVR with code 110
[2019.01.09-16.08.14:382][  0]LogD3D11RHI: D3D11 adapters:
[2019.01.09-16.08.14:421][  0]LogD3D11RHI:    0. 'Radeon RX Vega M GH Graphics' (Feature Level 11_0)
[2019.01.09-16.08.14:421][  0]LogD3D11RHI:       4042/0/8151 MB DedicatedVideo/DedicatedSystem/SharedSystem, Outputs:1, VendorId:0x1002
[2019.01.09-16.08.14:433][  0]LogD3D11RHI:    1. 'Intel(R) HD Graphics 630' (Feature Level 11_0)
[2019.01.09-16.08.14:433][  0]LogD3D11RHI:       128/0/8151 MB DedicatedVideo/DedicatedSystem/SharedSystem, Outputs:0, VendorId:0x8086
[2019.01.09-16.08.14:435][  0]LogD3D11RHI:    2. 'Microsoft Basic Render Driver' (Feature Level 11_0)
[2019.01.09-16.08.14:435][  0]LogD3D11RHI:       0/0/8151 MB DedicatedVideo/DedicatedSystem/SharedSystem, Outputs:0, VendorId:0x1414
[2019.01.09-16.08.14:435][  0]LogD3D11RHI: Chosen D3D11 Adapter: 0
[2019.01.09-16.08.14:442][  0]LogD3D11RHI: Creating new Direct3DDevice
[2019.01.09-16.08.14:442][  0]LogD3D11RHI:     GPU DeviceId: 0x694c (for the marketing name, search the web for "GPU Device Id")
[2019.01.09-16.08.14:442][  0]LogWindows: EnumDisplayDevices:
[2019.01.09-16.08.14:442][  0]LogWindows:    0. 'Radeon RX Vega M GH Graphics' (P:1 D:1)
[2019.01.09-16.08.14:443][  0]LogWindows:    1. 'Radeon RX Vega M GH Graphics' (P:0 D:0)
[2019.01.09-16.08.14:443][  0]LogWindows:    2. 'Radeon RX Vega M GH Graphics' (P:0 D:0)
[2019.01.09-16.08.14:443][  0]LogWindows:    3. 'Radeon RX Vega M GH Graphics' (P:0 D:0)
[2019.01.09-16.08.14:444][  0]LogWindows:    4. 'Radeon RX Vega M GH Graphics' (P:0 D:0)
[2019.01.09-16.08.14:444][  0]LogWindows:    5. 'Radeon RX Vega M GH Graphics' (P:0 D:0)
[2019.01.09-16.08.14:444][  0]LogWindows:    6. 'Radeon RX Vega M GH Graphics' (P:0 D:0)
[2019.01.09-16.08.14:445][  0]LogWindows:    7. 'Intel(R) HD Graphics 630' (P:0 D:0)
[2019.01.09-16.08.14:445][  0]LogWindows:    8. 'Intel(R) HD Graphics 630' (P:0 D:0)
[2019.01.09-16.08.14:445][  0]LogWindows: DebugString: PrimaryIsNotTheChoosenAdapter PrimaryIsNotTheChoosenAdapter FoundDriverCount:7 
[2019.01.09-16.08.14:445][  0]LogD3D11RHI:     Adapter Name: Radeon RX Vega M GH Graphics
[2019.01.09-16.08.14:445][  0]LogD3D11RHI:   Driver Version: Adrenalin 18.9.1 (internal:24.20.11026.2001, unified:24.20.11026.2001)
[2019.01.09-16.08.14:445][  0]LogD3D11RHI:      Driver Date: 8-30-2018
[2019.01.09-16.08.14:445][  0]LogRHI: Texture pool is 2829 MB (70% of 4042 MB)
[2019.01.09-16.08.14:515][  0]LogD3D11RHI: Async texture creation enabled
[2019.01.09-16.08.14:526][  0]LogD3D11RHI: GPU Timing Frequency: 25.000000 (Debug: 2 1)
[2019.01.09-16.08.14:528][  0]LogShaderCompilers: Guid format shader working directory is -29 characters bigger than the processId version (../../../../../../Users/u1127212/Documents/GitHub/JB_AssetPipeline/Assignment1/Intermediate/Shaders/WorkingDirectory/6264/).
[2019.01.09-16.08.14:528][  0]LogShaderCompilers: Cleaned the shader compiler working directory 'C:/Users/u1127212/AppData/Local/Temp/UnrealShaderWorkingDir/E74A4C964897D9895056C78696375D41/'.
[2019.01.09-16.08.14:777][  0]LogTemp: Display: Loaded TP AllDesktopTargetPlatform
[2019.01.09-16.08.14:789][  0]LogTemp: Display: Loaded TP MacClientTargetPlatform
[2019.01.09-16.08.14:802][  0]LogTemp: Display: Loaded TP MacNoEditorTargetPlatform
[2019.01.09-16.08.14:813][  0]LogTemp: Display: Loaded TP MacServerTargetPlatform
[2019.01.09-16.08.14:825][  0]LogTemp: Display: Loaded TP MacTargetPlatform
[2019.01.09-16.08.14:837][  0]LogTemp: Display: Loaded TP WindowsClientTargetPlatform
[2019.01.09-16.08.14:848][  0]LogTemp: Display: Loaded TP WindowsNoEditorTargetPlatform
[2019.01.09-16.08.14:861][  0]LogTemp: Display: Loaded TP WindowsServerTargetPlatform
[2019.01.09-16.08.14:868][  0]LogTemp: Display: Loaded TP WindowsTargetPlatform
[2019.01.09-16.08.14:943][  0]LogTemp: Display: Loaded TP AndroidTargetPlatform
[2019.01.09-16.08.14:943][  0]LogTemp: Display: Loaded TP AndroidTargetPlatform
[2019.01.09-16.08.14:943][  0]LogTemp: Display: Loaded TP AndroidTargetPlatform
[2019.01.09-16.08.14:943][  0]LogTemp: Display: Loaded TP AndroidTargetPlatform
[2019.01.09-16.08.14:943][  0]LogTemp: Display: Loaded TP AndroidTargetPlatform
[2019.01.09-16.08.14:943][  0]LogTemp: Display: Loaded TP AndroidTargetPlatform
[2019.01.09-16.08.14:943][  0]LogTemp: Display: Loaded TP AndroidTargetPlatform
[2019.01.09-16.08.14:943][  0]LogTemp: Display: Loaded TP AndroidTargetPlatform
[2019.01.09-16.08.14:943][  0]LogTemp: Display: Loaded TP AndroidTargetPlatform
[2019.01.09-16.08.14:943][  0]LogTemp: Display: Loaded TP AndroidTargetPlatform
[2019.01.09-16.08.14:943][  0]LogTemp: Display: Loaded TP AndroidTargetPlatform
[2019.01.09-16.08.14:943][  0]LogTemp: Display: Loaded TP AndroidTargetPlatform
[2019.01.09-16.08.14:943][  0]LogTemp: Display: Loaded TP AndroidTargetPlatform
[2019.01.09-16.08.14:943][  0]LogTemp: Display: Loaded TP AndroidTargetPlatform
[2019.01.09-16.08.14:943][  0]LogTemp: Display: Loaded TP AndroidTargetPlatform
[2019.01.09-16.08.14:943][  0]LogTemp: Display: Loaded TP AndroidTargetPlatform
[2019.01.09-16.08.14:943][  0]LogTemp: Display: Loaded TP AndroidTargetPlatform
[2019.01.09-16.08.14:943][  0]LogTemp: Display: Loaded TP AndroidTargetPlatform
[2019.01.09-16.08.14:944][  0]LogTemp: Display: Loaded TP HTML5TargetPlatform
[2019.01.09-16.08.15:002][  0]LogTemp: Display: Loaded TP IOSTargetPlatform
[2019.01.09-16.08.15:002][  0]LogTemp: Display: Loaded TP IOSTargetPlatform
[2019.01.09-16.08.15:024][  0]LogTemp: Display: Loaded TP TVOSTargetPlatform
[2019.01.09-16.08.15:024][  0]LogTemp: Display: Loaded TP TVOSTargetPlatform
[2019.01.09-16.08.15:034][  0]LogTemp: Display: Loaded TP LinuxClientTargetPlatform
[2019.01.09-16.08.15:046][  0]LogTemp: Display: Loaded TP LinuxNoEditorTargetPlatform
[2019.01.09-16.08.15:058][  0]LogTemp: Display: Loaded TP LinuxServerTargetPlatform
[2019.01.09-16.08.15:071][  0]LogTemp: Display: Loaded TP LinuxTargetPlatform
[2019.01.09-16.08.15:079][  0]LogTemp: Display: Loaded TP LuminTargetPlatform
[2019.01.09-16.08.15:079][  0]LogTargetPlatformManager: Display: Building Assets For Windows
[2019.01.09-16.08.15:135][  0]LogXGEController: Cannot use XGE Controller as Incredibuild is not installed on this machine.
[2019.01.09-16.08.15:135][  0]LogShaderCompilers: Cannot use XGE Shader Compiler as Incredibuild is not installed on this machine.
[2019.01.09-16.08.15:135][  0]LogShaderCompilers: Display: Using Local Shader Compiler.
[2019.01.09-16.08.15:771][  0]LogDerivedDataCache: Display: Max Cache Size: 512 MB
[2019.01.09-16.08.15:831][  0]LogDerivedDataCache: Loaded boot cache 0.06s 87MB C:/Users/u1127212/AppData/Local/UnrealEngine/4.20/DerivedDataCache/Boot.ddc.
[2019.01.09-16.08.15:831][  0]LogDerivedDataCache: Display: Loaded Boot cache: C:/Users/u1127212/AppData/Local/UnrealEngine/4.20/DerivedDataCache/Boot.ddc
[2019.01.09-16.08.15:831][  0]LogDerivedDataCache: FDerivedDataBackendGraph:  Pak pak cache file ../../../../../../Users/u1127212/Documents/GitHub/JB_AssetPipeline/Assignment1/DerivedDataCache/DDC.ddp not found, will not use a pak cache.
[2019.01.09-16.08.15:831][  0]LogDerivedDataCache: Unable to find inner node Pak for hierarchical cache Hierarchy.
[2019.01.09-16.08.15:831][  0]LogDerivedDataCache: FDerivedDataBackendGraph:  CompressedPak pak cache file ../../../../../../Users/u1127212/Documents/GitHub/JB_AssetPipeline/Assignment1/DerivedDataCache/Compressed.ddp not found, will not use a pak cache.
[2019.01.09-16.08.15:831][  0]LogDerivedDataCache: Unable to find inner node CompressedPak for hierarchical cache Hierarchy.
[2019.01.09-16.08.15:842][  0]LogDerivedDataCache: Display: Pak cache opened for reading ../../../Engine/DerivedDataCache/Compressed.ddp.
[2019.01.09-16.08.15:855][  0]LogDerivedDataCache: Using Local data cache path C:/Users/u1127212/AppData/Local/UnrealEngine/Common/DerivedDataCache: Writable
[2019.01.09-16.08.15:855][  0]LogDerivedDataCache: Shared data cache path not found in *engine.ini, will not use an Shared cache.
[2019.01.09-16.08.15:855][  0]LogDerivedDataCache: Unable to find inner node Shared for hierarchical cache Hierarchy.
[2019.01.09-16.08.15:870][  0]LogMaterial: Verifying Global Shaders for PCD3D_SM5
[2019.01.09-16.08.15:871][  0]LogSlate: Using FreeType 2.6.0
[2019.01.09-16.08.15:872][  0]LogSlate: SlateFontServices - WITH_FREETYPE: 1, WITH_HARFBUZZ: 1
[2019.01.09-16.08.15:937][  0]LogAssetRegistry: FAssetRegistry took 0.0260 seconds to start up
[2019.01.09-16.08.16:237][  0]LogInit: Selected Device Profile: [Windows]
[2019.01.09-16.08.16:353][  0]LogSimplygon: Simplygon DLL not present - disabling.
[2019.01.09-16.08.16:356][  0]LogMeshReduction: Using SimplygonSwarm for distributed automatic mesh merging
[2019.01.09-16.08.16:356][  0]LogMeshReduction: Using ProxyLODMeshReduction for automatic mesh merging
[2019.01.09-16.08.16:356][  0]LogMeshReduction: Using QuadricMeshReduction for automatic static mesh reduction
[2019.01.09-16.08.16:356][  0]LogMeshReduction: No automatic skeletal mesh reduction module available
[2019.01.09-16.08.16:369][  0]LogNetVersion: Assignment1 1.0.0, NetCL: 4212847, EngineNetVer: 5, GameNetVer: 0 (Checksum: 1335505447)
[2019.01.09-16.08.16:834][  0]LogPackageLocalizationCache: Processed 11 localized package path(s) for 2 prioritized culture(s) in 0.085250 seconds
[2019.01.09-16.08.16:839][  0]LogUObjectArray: 38425 objects as part of root set at end of initial load.
[2019.01.09-16.08.16:840][  0]LogUObjectAllocator: 6690864 out of 0 bytes used by permanent object pool.
[2019.01.09-16.08.16:840][  0]LogUObjectArray: CloseDisregardForGC: 0/0 objects in disregard for GC pool
[2019.01.09-16.08.17:638][  0]LogTcpMessaging: Initializing TcpMessaging bridge
[2019.01.09-16.08.17:661][  0]LogUdpMessaging: Initializing bridge on interface 0.0.0.0:0 to multicast group 230.0.0.1:6666.
[2019.01.09-16.08.17:792][  0]SourceControl: Source control is disabled
[2019.01.09-16.08.17:792][  0]SourceControl: Source control is disabled
[2019.01.09-16.08.17:793][  0]SourceControl: Source control is disabled
[2019.01.09-16.08.17:794][  0]SourceControl: Source control is disabled
[2019.01.09-16.08.17:949][  0]LogAndroidPermission: UAndroidPermissionCallbackProxy::GetInstance
[2019.01.09-16.08.18:023][  0]LogOcInput: OculusInput pre-init called
[2019.01.09-16.08.18:075][  0]LogEngine: Initializing Engine...
[2019.01.09-16.08.18:076][  0]LogHMD: Failed to initialize OpenVR with code 110
[2019.01.09-16.08.18:077][  0]LogStats: UGameplayTagsManager::ConstructGameplayTagTree: ImportINI prefixes -  0.000 s
[2019.01.09-16.08.18:077][  0]LogStats: UGameplayTagsManager::ConstructGameplayTagTree: Construct from data asset -  0.000 s
[2019.01.09-16.08.18:077][  0]LogStats: UGameplayTagsManager::ConstructGameplayTagTree: ImportINI -  0.000 s
[2019.01.09-16.08.18:077][  0]LogStats: UGameplayTagsManager::ConstructGameplayTagTree: GameplayTagTreeChangedEvent.Broadcast -  0.000 s
[2019.01.09-16.08.18:265][  0]LogInit: Initializing FReadOnlyCVARCache
[2019.01.09-16.08.18:279][  0]LogAIModule: Creating AISystem for world Untitled
[2019.01.09-16.08.18:301][  0]LogInit: XAudio2 using '4 - CintiqPro24P (AMD High Definition Audio Device)' : 2 channels at 48 kHz using 16 bits per sample (channel mask 0x3)
[2019.01.09-16.08.18:326][  0]LogInit: FAudioDevice initialized.
[2019.01.09-16.08.18:326][  0]LogNetVersion: Set ProjectVersion to 1.0.0.0. Version Checksum will be recalculated on next use.
[2019.01.09-16.08.18:411][  0]LogDerivedDataCache: Saved boot cache 0.08s 87MB C:/Users/u1127212/AppData/Local/UnrealEngine/4.20/DerivedDataCache/Boot.ddc.
[2019.01.09-16.08.18:424][  0]LogInit: Texture streaming: Enabled
[2019.01.09-16.08.18:441][  0]LogEngineSessionManager: EngineSessionManager initialized
[2019.01.09-16.08.18:459][  0]LogInit: Transaction tracking system initialized
[2019.01.09-16.08.18:479][  0]BlueprintLog: New page: Editor Load
[2019.01.09-16.08.18:607][  0]LocalizationService: Localization service is disabled
[2019.01.09-16.08.18:875][  0]LogFileCache: Scanning file cache for directory 'C:/Users/u1127212/Documents/GitHub/JB_AssetPipeline/Assignment1/Content/' took 0.01s
[2019.01.09-16.08.18:875][  0]LogCook: Display: Max memory allowance for cook 16384mb min free memory 0mb
[2019.01.09-16.08.18:875][  0]LogCook: Display: Mobile HDR setting 1
[2019.01.09-16.08.18:876][  0]LogGameplayTags: Display: UGameplayTagsManager::DoneAddingNativeTags. DelegateIsBound: 0
[2019.01.09-16.08.18:876][  0]LogStats: UGameplayTagsManager::ConstructGameplayTagTree: ImportINI prefixes -  0.000 s
[2019.01.09-16.08.18:876][  0]LogStats: UGameplayTagsManager::ConstructGameplayTagTree: Construct from data asset -  0.000 s
[2019.01.09-16.08.18:876][  0]LogStats: UGameplayTagsManager::ConstructGameplayTagTree: ImportINI -  0.000 s
[2019.01.09-16.08.18:876][  0]LogStats: UGameplayTagsManager::ConstructGameplayTagTree: GameplayTagTreeChangedEvent.Broadcast -  0.000 s
[2019.01.09-16.08.19:002][  0]SourceControl: Source control is disabled
[2019.01.09-16.08.19:002][  0]Cmd: MAP LOAD FILE="../../../Engine/Content/Maps/Templates/Template_Default.umap" TEMPLATE=1 SHOWPROGRESS=1 FEATURELEVEL=3
[2019.01.09-16.08.19:003][  0]LightingResults: New page: Lighting Build
[2019.01.09-16.08.19:005][  0]MapCheck: New page: Map Check
[2019.01.09-16.08.19:005][  0]LightingResults: New page: Lighting Build
[2019.01.09-16.08.19:182][  0]LogAIModule: Creating AISystem for world Untitled_1
[2019.01.09-16.08.19:188][  0]LogEditorServer: Finished looking for orphan Actors (0.000 secs)
[2019.01.09-16.08.19:209][  0]Cmd: MAP CHECKDEP NOCLEARLOG
[2019.01.09-16.08.19:265][  0]MapCheck: Map check complete: 0 Error(s), 0 Warning(s), took 56.336ms to complete.
[2019.01.09-16.08.19:265][  0]LogFileHelpers: Loading map 'Template_Default' took 0.262
[2019.01.09-16.08.19:577][  0]LogSlate: Updating window title bar state: overlay mode, drag disabled, window buttons hidden, title bar hidden
[2019.01.09-16.08.19:586][  0]LogSlate: Updating window title bar state: overlay mode, drag disabled, window buttons hidden, title bar hidden
[2019.01.09-16.08.19:591][  0]LogSlate: Updating window title bar state: overlay mode, drag disabled, window buttons hidden, title bar hidden
[2019.01.09-16.08.19:597][  0]LogSlate: Updating window title bar state: overlay mode, drag disabled, window buttons hidden, title bar hidden
[2019.01.09-16.08.19:615][  0]LogCollectionManager: Loaded 0 collections in 0.001527 seconds
[2019.01.09-16.08.19:684][  0]LogFileCache: Scanning file cache for directory 'C:/Users/u1127212/Documents/GitHub/JB_AssetPipeline/Assignment1/Saved/Collections/' took 0.01s
[2019.01.09-16.08.19:684][  0]LogFileCache: Scanning file cache for directory 'C:/Users/u1127212/Documents/GitHub/JB_AssetPipeline/Assignment1/Content/Developers/u1127212/Collections/' took 0.01s
[2019.01.09-16.08.19:684][  0]LogFileCache: Scanning file cache for directory 'C:/Users/u1127212/Documents/GitHub/JB_AssetPipeline/Assignment1/Content/Collections/' took 0.01s
[2019.01.09-16.08.19:684][  0]LogCollectionManager: Rebuilt the GUID cache for 0 collections in 0.000001 seconds
[2019.01.09-16.08.19:695][  0]LogContentBrowser: Native class hierarchy populated in 0.0096 seconds. Added 2572 classes and 603 folders.
[2019.01.09-16.08.19:713][  0]LogContentBrowser: Native class hierarchy updated for 'WidgetCarousel' in 0.0002 seconds. Added 0 classes and 0 folders.
[2019.01.09-16.08.19:781][  0]LogContentBrowser: Native class hierarchy updated for 'AddContentDialog' in 0.0005 seconds. Added 0 classes and 0 folders.
[2019.01.09-16.08.19:795][  0]LogContentBrowser: Native class hierarchy updated for 'SceneOutliner' in 0.0002 seconds. Added 1 classes and 2 folders.
[2019.01.09-16.08.19:872][  0]LogSlate: Took 0.000192 seconds to synchronously load lazily loaded font '../../../Engine/Content/Slate/Fonts/Roboto-Regular.ttf' (155K)
[2019.01.09-16.08.19:874][  0]LogSlate: Took 0.000220 seconds to synchronously load lazily loaded font '../../../Engine/Content/Slate/Fonts/Roboto-Bold.ttf' (160K)
[2019.01.09-16.08.19:889][  0]LogSlate: Took 0.007404 seconds to synchronously load lazily loaded font '../../../Engine/Content/Editor/Slate/Fonts/FontAwesome.ttf' (139K)
[2019.01.09-16.08.20:015][  0]LogRenderer: Reallocating scene render targets to support 1208x576 Format 10 NumSamples 1 (Frame:1).
[2019.01.09-16.08.20:239][  0]LogSlate: FSceneViewport::OnFocusLost() reason 2
[2019.01.09-16.08.20:253][  0]LogSlate: Window 'Tutorials' being destroyed
[2019.01.09-16.08.20:283][  0]LogContentBrowser: Native class hierarchy updated for 'HierarchicalLODOutliner' in 0.0002 seconds. Added 0 classes and 0 folders.
[2019.01.09-16.08.20:284][  0]LogLoad: (Engine Initialization) Total time: 8.22 seconds
[2019.01.09-16.08.20:284][  0]LogLoad: (Engine Initialization) Total Blueprint compile time: 0.00 seconds
[2019.01.09-16.08.20:294][  0]LogWindowsTextInputMethodSystem: Display: IME system now deactivated.
[2019.01.09-16.08.20:321][  0]LogAssetRegistry: Asset discovery search completed in 4.4070 seconds
[2019.01.09-16.08.20:322][  0]LogCollectionManager: Rebuilt the object cache for 0 collections in 0.000001 seconds (found 0 objects)
[2019.01.09-16.08.20:322][  0]LogCollectionManager: Fixed up redirectors for 0 collections in 0.000039 seconds (updated 0 objects)
[2019.01.09-16.08.20:326][  0]LogContentStreaming: Texture pool size now 1000 MB
[2019.01.09-16.08.50:673][481]LogSlate: FSceneViewport::OnFocusLost() reason 0
[2019.01.09-16.08.52:669][718]LogSlate: FSceneViewport::OnFocusLost() reason 0
[2019.01.09-16.08.52:895][738]LogActorFactory: Actor Factory created Cone
[2019.01.09-16.08.53:420][795]LogActorFactory: Actor Factory created Cone
[2019.01.09-16.08.57:174][206]LogSlate: FSceneViewport::OnFocusLost() reason 0
[2019.01.09-16.08.59:116][430]LogActorFactory: Actor Factory created Sphere
[2019.01.09-16.09.00:493][590]LogActorFactory: Actor Factory created Sphere
[2019.01.09-16.09.05:414][170]LogEditorViewport: Clicking on Actor (LMB): StaticMeshActor (Cone)
[2019.01.09-16.09.07:017][356]LogEditorViewport: Clicking on Actor (LMB): StaticMeshActor (Sphere)
[2019.01.09-16.09.09:988][703]LogEditorViewport: Clicking on Actor (LMB): StaticMeshActor (Cone)
[2019.01.09-16.09.23:625][309]LogSlate: FSceneViewport::OnFocusLost() reason 0
[2019.01.09-16.09.23:819][330]LogActorFactory: Actor Factory created Cube
[2019.01.09-16.09.24:631][422]LogActorFactory: Actor Factory created Cube
[2019.01.09-16.09.25:563][523]LogSlate: FSceneViewport::OnFocusLost() reason 0
[2019.01.09-16.09.28:942][906]LogSlate: FSceneViewport::OnFocusLost() reason 0
[2019.01.09-16.09.33:052][386]LogEditorViewport: Clicking on Actor (LMB): StaticMeshActor (Floor)
[2019.01.09-16.09.35:436][649]LogSlate: FSceneViewport::OnFocusLost() reason 2
[2019.01.09-16.09.43:536][618]LogSlate: FSceneViewport::OnFocusLost() reason 2
[2019.01.09-16.10.07:645][618]LogSlate: Window 'Save Level As' being destroyed
[2019.01.09-16.10.07:718][618]LogSlate: Took 0.000213 seconds to synchronously load lazily loaded font '../../../Engine/Content/Slate/Fonts/Roboto-Light.ttf' (167K)
[2019.01.09-16.10.07:721][618]LogSlate: FSceneViewport::OnFocusLost() reason 2
[2019.01.09-16.10.07:749][618]Cmd: OBJ SAVEPACKAGE PACKAGE="/Game/assignment1" FILE="../../../../../../Users/u1127212/Documents/GitHub/JB_AssetPipeline/Assignment1/Content/assignment1.umap" SILENT=true AUTOSAVING=false KEEPDIRTY=false
[2019.01.09-16.10.07:803][618]LogSavePackage: Moving '../../../../../../Users/u1127212/Documents/GitHub/JB_AssetPipeline/Assignment1/Saved/assignment1507ECE8041F5258948716D811F0476B4.tmp' to '../../../../../../Users/u1127212/Documents/GitHub/JB_AssetPipeline/Assignment1/Content/assignment1.umap'
[2019.01.09-16.10.07:833][618]Cmd: OBJ SAVEPACKAGE PACKAGE="/Game/assignment1_BuiltData" FILE="../../../../../../Users/u1127212/Documents/GitHub/JB_AssetPipeline/Assignment1/Content/assignment1_BuiltData.uasset" SILENT=true
[2019.01.09-16.10.07:852][618]LogSavePackage: Moving '../../../../../../Users/u1127212/Documents/GitHub/JB_AssetPipeline/Assignment1/Saved/assignment1_BuiltData9F811B874C321FA383EFAF885340DA82.tmp' to '../../../../../../Users/u1127212/Documents/GitHub/JB_AssetPipeline/Assignment1/Content/assignment1_BuiltData.uasset'
[2019.01.09-16.10.07:861][618]LogFileHelpers: Saving map 'assignment1' took 0.208
